# JRE version: Java(TM) SE Runtime Environment (7.0_45-b18) (build 1.7.0_45-b18)
# Java VM: Java HotSpot(TM) Client VM (24.45-b08 mixed mode, sharing windows-x86 )
Heap
 def new generation   total 4928K, used 3041K [0x23f70000, 0x244c0000, 0x294c0000)
  eden space 4416K,  68% used [0x23f70000, 0x242676d8, 0x243c0000)
  from space 512K,   0% used [0x243c0000, 0x243c0fe8, 0x24440000)
  to   space 512K,   0% used [0x24440000, 0x24440000, 0x244c0000)
 tenured generation   total 10944K, used 1747K [0x294c0000, 0x29f70000, 0x33f70000)
   the space 10944K,  15% used [0x294c0000, 0x29674dc8, 0x29674e00, 0x29f70000)
 compacting perm gen  total 12288K, used 962K [0x33f70000, 0x34b70000, 0x37f70000)
   the space 12288K,   7% used [0x33f70000, 0x34060b48, 0x34060c00, 0x34b70000)
    ro space 10240K,  44% used [0x37f70000, 0x383e7808, 0x383e7a00, 0x38970000)
    rw space 12288K,  52% used [0x38970000, 0x38fbe610, 0x38fbe800, 0x39570000)
GC Heap History (10 events):
Event: 187.487 GC heap before
{Heap before GC invocations=1729 (full 0):
 def new generation   total 4928K, used 4701K [0x23f70000, 0x244c0000, 0x294c0000)
  eden space 4416K, 100% used [0x23f70000, 0x243c0000, 0x243c0000)
  from space 512K,  55% used [0x24440000, 0x244876c0, 0x244c0000)
  to   space 512K,   0% used [0x243c0000, 0x243c0000, 0x24440000)
 tenured generation   total 10944K, used 1730K [0x294c0000, 0x29f70000, 0x33f70000)
   the space 10944K,  15% used [0x294c0000, 0x296708a0, 0x29670a00, 0x29f70000)
 compacting perm gen  total 12288K, used 962K [0x33f70000, 0x34b70000, 0x37f70000)
   the space 12288K,   7% used [0x33f70000, 0x34060b48, 0x34060c00, 0x34b70000)
    ro space 10240K,  44% used [0x37f70000, 0x383e7808, 0x383e7a00, 0x38970000)
    rw space 12288K,  52% used [0x38970000, 0x38fbe610, 0x38fbe800, 0x39570000)
Event: 187.487 GC heap after
Heap after GC invocations=1730 (full 0):
 def new generation   total 4928K, used 1K [0x23f70000, 0x244c0000, 0x294c0000)
  eden space 4416K,   0% used [0x23f70000, 0x23f70000, 0x243c0000)
  from space 512K,   0% used [0x243c0000, 0x243c0728, 0x24440000)
  to   space 512K,   0% used [0x24440000, 0x24440000, 0x244c0000)
 tenured generation   total 10944K, used 1747K [0x294c0000, 0x29f70000, 0x33f70000)
   the space 10944K,  15% used [0x294c0000, 0x29674dc8, 0x29674e00, 0x29f70000)
 compacting perm gen  total 12288K, used 962K [0x33f70000, 0x34b70000, 0x37f70000)
   the space 12288K,   7% used [0x33f70000, 0x34060b48, 0x34060c00, 0x34b70000)
    ro space 10240K,  44% used [0x37f70000, 0x383e7808, 0x383e7a00, 0x38970000)
    rw space 12288K,  52% used [0x38970000, 0x38fbe610, 0x38fbe800, 0x39570000)
}
Event: 187.539 GC heap before
{Heap before GC invocations=1730 (full 0):
 def new generation   total 4928K, used 4305K [0x23f70000, 0x244c0000, 0x294c0000)
  eden space 4416K,  97% used [0x23f70000, 0x243a3e60, 0x243c0000)
  from space 512K,   0% used [0x243c0000, 0x243c0728, 0x24440000)
  to   space 512K,   0% used [0x24440000, 0x24440000, 0x244c0000)
 tenured generation   total 10944K, used 1747K [0x294c0000, 0x29f70000, 0x33f70000)
   the space 10944K,  15% used [0x294c0000, 0x29674dc8, 0x29674e00, 0x29f70000)
 compacting perm gen  total 12288K, used 962K [0x33f70000, 0x34b70000, 0x37f70000)
   the space 12288K,   7% used [0x33f70000, 0x34060b48, 0x34060c00, 0x34b70000)
    ro space 10240K,  44% used [0x37f70000, 0x383e7808, 0x383e7a00, 0x38970000)
    rw space 12288K,  52% used [0x38970000, 0x38fbe610, 0x38fbe800, 0x39570000)
Event: 187.539 GC heap after
Heap after GC invocations=1731 (full 0):
 def new generation   total 4928K, used 2K [0x23f70000, 0x244c0000, 0x294c0000)
  eden space 4416K,   0% used [0x23f70000, 0x23f70000, 0x243c0000)
  from space 512K,   0% used [0x24440000, 0x24440a08, 0x244c0000)
  to   space 512K,   0% used [0x243c0000, 0x243c0000, 0x24440000)
 tenured generation   total 10944K, used 1747K [0x294c0000, 0x29f70000, 0x33f70000)
   the space 10944K,  15% used [0x294c0000, 0x29674dc8, 0x29674e00, 0x29f70000)
 compacting perm gen  total 12288K, used 962K [0x33f70000, 0x34b70000, 0x37f70000)
   the space 12288K,   7% used [0x33f70000, 0x34060b48, 0x34060c00, 0x34b70000)
    ro space 10240K,  44% used [0x37f70000, 0x383e7808, 0x383e7a00, 0x38970000)
    rw space 12288K,  52% used [0x38970000, 0x38fbe610, 0x38fbe800, 0x39570000)
}
Event: 187.589 GC heap before
{Heap before GC invocations=1731 (full 0):
 def new generation   total 4928K, used 4418K [0x23f70000, 0x244c0000, 0x294c0000)
  eden space 4416K, 100% used [0x23f70000, 0x243c0000, 0x243c0000)
  from space 512K,   0% used [0x24440000, 0x24440a08, 0x244c0000)
  to   space 512K,   0% used [0x243c0000, 0x243c0000, 0x24440000)
 tenured generation   total 10944K, used 1747K [0x294c0000, 0x29f70000, 0x33f70000)
   the space 10944K,  15% used [0x294c0000, 0x29674dc8, 0x29674e00, 0x29f70000)
 compacting perm gen  total 12288K, used 962K [0x33f70000, 0x34b70000, 0x37f70000)
   the space 12288K,   7% used [0x33f70000, 0x34060b48, 0x34060c00, 0x34b70000)
    ro space 10240K,  44% used [0x37f70000, 0x383e7808, 0x383e7a00, 0x38970000)
    rw space 12288K,  52% used [0x38970000, 0x38fbe610, 0x38fbe800, 0x39570000)
Event: 187.589 GC heap after
Heap after GC invocations=1732 (full 0):
 def new generation   total 4928K, used 3K [0x23f70000, 0x244c0000, 0x294c0000)
  eden space 4416K,   0% used [0x23f70000, 0x23f70000, 0x243c0000)
  from space 512K,   0% used [0x243c0000, 0x243c0d10, 0x24440000)
  to   space 512K,   0% used [0x24440000, 0x24440000, 0x244c0000)
 tenured generation   total 10944K, used 1747K [0x294c0000, 0x29f70000, 0x33f70000)
   the space 10944K,  15% used [0x294c0000, 0x29674dc8, 0x29674e00, 0x29f70000)
 compacting perm gen  total 12288K, used 962K [0x33f70000, 0x34b70000, 0x37f70000)
   the space 12288K,   7% used [0x33f70000, 0x34060b48, 0x34060c00, 0x34b70000)
    ro space 10240K,  44% used [0x37f70000, 0x383e7808, 0x383e7a00, 0x38970000)
    rw space 12288K,  52% used [0x38970000, 0x38fbe610, 0x38fbe800, 0x39570000)
}
Event: 187.637 GC heap before
{Heap before GC invocations=1732 (full 0):
 def new generation   total 4928K, used 4297K [0x23f70000, 0x244c0000, 0x294c0000)
  eden space 4416K,  97% used [0x23f70000, 0x243a1970, 0x243c0000)
  from space 512K,   0% used [0x243c0000, 0x243c0d10, 0x24440000)
  to   space 512K,   0% used [0x24440000, 0x24440000, 0x244c0000)
 tenured generation   total 10944K, used 1747K [0x294c0000, 0x29f70000, 0x33f70000)
   the space 10944K,  15% used [0x294c0000, 0x29674dc8, 0x29674e00, 0x29f70000)
 compacting perm gen  total 12288K, used 962K [0x33f70000, 0x34b70000, 0x37f70000)
   the space 12288K,   7% used [0x33f70000, 0x34060b48, 0x34060c00, 0x34b70000)
    ro space 10240K,  44% used [0x37f70000, 0x383e7808, 0x383e7a00, 0x38970000)
    rw space 12288K,  52% used [0x38970000, 0x38fbe610, 0x38fbe800, 0x39570000)
Event: 187.637 GC heap after
Heap after GC invocations=1733 (full 0):
 def new generation   total 4928K, used 3K [0x23f70000, 0x244c0000, 0x294c0000)
  eden space 4416K,   0% used [0x23f70000, 0x23f70000, 0x243c0000)
  from space 512K,   0% used [0x24440000, 0x24440e30, 0x244c0000)
  to   space 512K,   0% used [0x243c0000, 0x243c0000, 0x24440000)
 tenured generation   total 10944K, used 1747K [0x294c0000, 0x29f70000, 0x33f70000)
   the space 10944K,  15% used [0x294c0000, 0x29674dc8, 0x29674e00, 0x29f70000)
 compacting perm gen  total 12288K, used 962K [0x33f70000, 0x34b70000, 0x37f70000)
   the space 12288K,   7% used [0x33f70000, 0x34060b48, 0x34060c00, 0x34b70000)
    ro space 10240K,  44% used [0x37f70000, 0x383e7808, 0x383e7a00, 0x38970000)
    rw space 12288K,  52% used [0x38970000, 0x38fbe610, 0x38fbe800, 0x39570000)
}
Event: 187.693 GC heap before
{Heap before GC invocations=1733 (full 0):
 def new generation   total 4928K, used 4396K [0x23f70000, 0x244c0000, 0x294c0000)
  eden space 4416K,  99% used [0x23f70000, 0x243ba390, 0x243c0000)
  from space 512K,   0% used [0x24440000, 0x24440e30, 0x244c0000)
  to   space 512K,   0% used [0x243c0000, 0x243c0000, 0x24440000)
 tenured generation   total 10944K, used 1747K [0x294c0000, 0x29f70000, 0x33f70000)
   the space 10944K,  15% used [0x294c0000, 0x29674dc8, 0x29674e00, 0x29f70000)
 compacting perm gen  total 12288K, used 962K [0x33f70000, 0x34b70000, 0x37f70000)
   the space 12288K,   7% used [0x33f70000, 0x34060b48, 0x34060c00, 0x34b70000)
    ro space 10240K,  44% used [0x37f70000, 0x383e7808, 0x383e7a00, 0x38970000)
    rw space 12288K,  52% used [0x38970000, 0x38fbe610, 0x38fbe800, 0x39570000)
Event: 187.693 GC heap after
Heap after GC invocations=1734 (full 0):
 def new generation   total 4928K, used 3K [0x23f70000, 0x244c0000, 0x294c0000)
  eden space 4416K,   0% used [0x23f70000, 0x23f70000, 0x243c0000)
  from space 512K,   0% used [0x243c0000, 0x243c0fe8, 0x24440000)
  to   space 512K,   0% used [0x24440000, 0x24440000, 0x244c0000)
 tenured generation   total 10944K, used 1747K [0x294c0000, 0x29f70000, 0x33f70000)
   the space 10944K,  15% used [0x294c0000, 0x29674dc8, 0x29674e00, 0x29f70000)
 compacting perm gen  total 12288K, used 962K [0x33f70000, 0x34b70000, 0x37f70000)
   the space 12288K,   7% used [0x33f70000, 0x34060b48, 0x34060c00, 0x34b70000)
    ro space 10240K,  44% used [0x37f70000, 0x383e7808, 0x383e7a00, 0x38970000)
    rw space 12288K,  52% used [0x38970000, 0x38fbe610, 0x38fbe800, 0x39570000)
}

