# JRE version: Java(TM) SE Runtime Environment (7.0_45-b18) (build 1.7.0_45-b18)
# Java VM: Java HotSpot(TM) Client VM (24.45-b08 mixed mode, sharing windows-x86 )
Heap
 def new generation   total 4928K, used 1815K [0x23f70000, 0x244c0000, 0x294c0000)
  eden space 4416K,  41% used [0x23f70000, 0x24134c48, 0x243c0000)
  from space 512K,   0% used [0x243c0000, 0x243c11c8, 0x24440000)
  to   space 512K,   0% used [0x24440000, 0x24440000, 0x244c0000)
 tenured generation   total 10944K, used 1916K [0x294c0000, 0x29f70000, 0x33f70000)
   the space 10944K,  17% used [0x294c0000, 0x2969f3d8, 0x2969f400, 0x29f70000)
 compacting perm gen  total 12288K, used 962K [0x33f70000, 0x34b70000, 0x37f70000)
   the space 12288K,   7% used [0x33f70000, 0x34060800, 0x34060800, 0x34b70000)
    ro space 10240K,  44% used [0x37f70000, 0x383e7808, 0x383e7a00, 0x38970000)
    rw space 12288K,  52% used [0x38970000, 0x38fbe610, 0x38fbe800, 0x39570000)
GC Heap History (10 events):
Event: 226.174 GC heap before
{Heap before GC invocations=2721 (full 0):
 def new generation   total 4928K, used 4383K [0x23f70000, 0x244c0000, 0x294c0000)
  eden space 4416K,  99% used [0x23f70000, 0x243b6c60, 0x243c0000)
  from space 512K,   0% used [0x24440000, 0x24441190, 0x244c0000)
  to   space 512K,   0% used [0x243c0000, 0x243c0000, 0x24440000)
 tenured generation   total 10944K, used 1916K [0x294c0000, 0x29f70000, 0x33f70000)
   the space 10944K,  17% used [0x294c0000, 0x2969f3d8, 0x2969f400, 0x29f70000)
 compacting perm gen  total 12288K, used 962K [0x33f70000, 0x34b70000, 0x37f70000)
   the space 12288K,   7% used [0x33f70000, 0x34060800, 0x34060800, 0x34b70000)
    ro space 10240K,  44% used [0x37f70000, 0x383e7808, 0x383e7a00, 0x38970000)
    rw space 12288K,  52% used [0x38970000, 0x38fbe610, 0x38fbe800, 0x39570000)
Event: 226.174 GC heap after
Heap after GC invocations=2722 (full 0):
 def new generation   total 4928K, used 4K [0x23f70000, 0x244c0000, 0x294c0000)
  eden space 4416K,   0% used [0x23f70000, 0x23f70000, 0x243c0000)
  from space 512K,   0% used [0x243c0000, 0x243c1190, 0x24440000)
  to   space 512K,   0% used [0x24440000, 0x24440000, 0x244c0000)
 tenured generation   total 10944K, used 1916K [0x294c0000, 0x29f70000, 0x33f70000)
   the space 10944K,  17% used [0x294c0000, 0x2969f3d8, 0x2969f400, 0x29f70000)
 compacting perm gen  total 12288K, used 962K [0x33f70000, 0x34b70000, 0x37f70000)
   the space 12288K,   7% used [0x33f70000, 0x34060800, 0x34060800, 0x34b70000)
    ro space 10240K,  44% used [0x37f70000, 0x383e7808, 0x383e7a00, 0x38970000)
    rw space 12288K,  52% used [0x38970000, 0x38fbe610, 0x38fbe800, 0x39570000)
}
Event: 226.378 GC heap before
{Heap before GC invocations=2722 (full 0):
 def new generation   total 4928K, used 4330K [0x23f70000, 0x244c0000, 0x294c0000)
  eden space 4416K,  97% used [0x23f70000, 0x243a9688, 0x243c0000)
  from space 512K,   0% used [0x243c0000, 0x243c1190, 0x24440000)
  to   space 512K,   0% used [0x24440000, 0x24440000, 0x244c0000)
 tenured generation   total 10944K, used 1916K [0x294c0000, 0x29f70000, 0x33f70000)
   the space 10944K,  17% used [0x294c0000, 0x2969f3d8, 0x2969f400, 0x29f70000)
 compacting perm gen  total 12288K, used 962K [0x33f70000, 0x34b70000, 0x37f70000)
   the space 12288K,   7% used [0x33f70000, 0x34060800, 0x34060800, 0x34b70000)
    ro space 10240K,  44% used [0x37f70000, 0x383e7808, 0x383e7a00, 0x38970000)
    rw space 12288K,  52% used [0x38970000, 0x38fbe610, 0x38fbe800, 0x39570000)
Event: 226.378 GC heap after
Heap after GC invocations=2723 (full 0):
 def new generation   total 4928K, used 4K [0x23f70000, 0x244c0000, 0x294c0000)
  eden space 4416K,   0% used [0x23f70000, 0x23f70000, 0x243c0000)
  from space 512K,   0% used [0x24440000, 0x24441190, 0x244c0000)
  to   space 512K,   0% used [0x243c0000, 0x243c0000, 0x24440000)
 tenured generation   total 10944K, used 1916K [0x294c0000, 0x29f70000, 0x33f70000)
   the space 10944K,  17% used [0x294c0000, 0x2969f3d8, 0x2969f400, 0x29f70000)
 compacting perm gen  total 12288K, used 962K [0x33f70000, 0x34b70000, 0x37f70000)
   the space 12288K,   7% used [0x33f70000, 0x34060800, 0x34060800, 0x34b70000)
    ro space 10240K,  44% used [0x37f70000, 0x383e7808, 0x383e7a00, 0x38970000)
    rw space 12288K,  52% used [0x38970000, 0x38fbe610, 0x38fbe800, 0x39570000)
}
Event: 226.580 GC heap before
{Heap before GC invocations=2723 (full 0):
 def new generation   total 4928K, used 4420K [0x23f70000, 0x244c0000, 0x294c0000)
  eden space 4416K, 100% used [0x23f70000, 0x243c0000, 0x243c0000)
  from space 512K,   0% used [0x24440000, 0x24441190, 0x244c0000)
  to   space 512K,   0% used [0x243c0000, 0x243c0000, 0x24440000)
 tenured generation   total 10944K, used 1916K [0x294c0000, 0x29f70000, 0x33f70000)
   the space 10944K,  17% used [0x294c0000, 0x2969f3d8, 0x2969f400, 0x29f70000)
 compacting perm gen  total 12288K, used 962K [0x33f70000, 0x34b70000, 0x37f70000)
   the space 12288K,   7% used [0x33f70000, 0x34060800, 0x34060800, 0x34b70000)
    ro space 10240K,  44% used [0x37f70000, 0x383e7808, 0x383e7a00, 0x38970000)
    rw space 12288K,  52% used [0x38970000, 0x38fbe610, 0x38fbe800, 0x39570000)
Event: 226.580 GC heap after
Heap after GC invocations=2724 (full 0):
 def new generation   total 4928K, used 4K [0x23f70000, 0x244c0000, 0x294c0000)
  eden space 4416K,   0% used [0x23f70000, 0x23f70000, 0x243c0000)
  from space 512K,   0% used [0x243c0000, 0x243c11a0, 0x24440000)
  to   space 512K,   0% used [0x24440000, 0x24440000, 0x244c0000)
 tenured generation   total 10944K, used 1916K [0x294c0000, 0x29f70000, 0x33f70000)
   the space 10944K,  17% used [0x294c0000, 0x2969f3d8, 0x2969f400, 0x29f70000)
 compacting perm gen  total 12288K, used 962K [0x33f70000, 0x34b70000, 0x37f70000)
   the space 12288K,   7% used [0x33f70000, 0x34060800, 0x34060800, 0x34b70000)
    ro space 10240K,  44% used [0x37f70000, 0x383e7808, 0x383e7a00, 0x38970000)
    rw space 12288K,  52% used [0x38970000, 0x38fbe610, 0x38fbe800, 0x39570000)
}
Event: 226.799 GC heap before
{Heap before GC invocations=2724 (full 0):
 def new generation   total 4928K, used 4411K [0x23f70000, 0x244c0000, 0x294c0000)
  eden space 4416K,  99% used [0x23f70000, 0x243bdab0, 0x243c0000)
  from space 512K,   0% used [0x243c0000, 0x243c11a0, 0x24440000)
  to   space 512K,   0% used [0x24440000, 0x24440000, 0x244c0000)
 tenured generation   total 10944K, used 1916K [0x294c0000, 0x29f70000, 0x33f70000)
   the space 10944K,  17% used [0x294c0000, 0x2969f3d8, 0x2969f400, 0x29f70000)
 compacting perm gen  total 12288K, used 962K [0x33f70000, 0x34b70000, 0x37f70000)
   the space 12288K,   7% used [0x33f70000, 0x34060800, 0x34060800, 0x34b70000)
    ro space 10240K,  44% used [0x37f70000, 0x383e7808, 0x383e7a00, 0x38970000)
    rw space 12288K,  52% used [0x38970000, 0x38fbe610, 0x38fbe800, 0x39570000)
Event: 226.799 GC heap after
Heap after GC invocations=2725 (full 0):
 def new generation   total 4928K, used 4K [0x23f70000, 0x244c0000, 0x294c0000)
  eden space 4416K,   0% used [0x23f70000, 0x23f70000, 0x243c0000)
  from space 512K,   0% used [0x24440000, 0x24441190, 0x244c0000)
  to   space 512K,   0% used [0x243c0000, 0x243c0000, 0x24440000)
 tenured generation   total 10944K, used 1916K [0x294c0000, 0x29f70000, 0x33f70000)
   the space 10944K,  17% used [0x294c0000, 0x2969f3d8, 0x2969f400, 0x29f70000)
 compacting perm gen  total 12288K, used 962K [0x33f70000, 0x34b70000, 0x37f70000)
   the space 12288K,   7% used [0x33f70000, 0x34060800, 0x34060800, 0x34b70000)
    ro space 10240K,  44% used [0x37f70000, 0x383e7808, 0x383e7a00, 0x38970000)
    rw space 12288K,  52% used [0x38970000, 0x38fbe610, 0x38fbe800, 0x39570000)
}
Event: 227.001 GC heap before
{Heap before GC invocations=2725 (full 0):
 def new generation   total 4928K, used 4420K [0x23f70000, 0x244c0000, 0x294c0000)
  eden space 4416K, 100% used [0x23f70000, 0x243c0000, 0x243c0000)
  from space 512K,   0% used [0x24440000, 0x24441190, 0x244c0000)
  to   space 512K,   0% used [0x243c0000, 0x243c0000, 0x24440000)
 tenured generation   total 10944K, used 1916K [0x294c0000, 0x29f70000, 0x33f70000)
   the space 10944K,  17% used [0x294c0000, 0x2969f3d8, 0x2969f400, 0x29f70000)
 compacting perm gen  total 12288K, used 962K [0x33f70000, 0x34b70000, 0x37f70000)
   the space 12288K,   7% used [0x33f70000, 0x34060800, 0x34060800, 0x34b70000)
    ro space 10240K,  44% used [0x37f70000, 0x383e7808, 0x383e7a00, 0x38970000)
    rw space 12288K,  52% used [0x38970000, 0x38fbe610, 0x38fbe800, 0x39570000)
Event: 227.002 GC heap after
Heap after GC invocations=2726 (full 0):
 def new generation   total 4928K, used 4K [0x23f70000, 0x244c0000, 0x294c0000)
  eden space 4416K,   0% used [0x23f70000, 0x23f70000, 0x243c0000)
  from space 512K,   0% used [0x243c0000, 0x243c11c8, 0x24440000)
  to   space 512K,   0% used [0x24440000, 0x24440000, 0x244c0000)
 tenured generation   total 10944K, used 1916K [0x294c0000, 0x29f70000, 0x33f70000)
   the space 10944K,  17% used [0x294c0000, 0x2969f3d8, 0x2969f400, 0x29f70000)
 compacting perm gen  total 12288K, used 962K [0x33f70000, 0x34b70000, 0x37f70000)
   the space 12288K,   7% used [0x33f70000, 0x34060800, 0x34060800, 0x34b70000)
    ro space 10240K,  44% used [0x37f70000, 0x383e7808, 0x383e7a00, 0x38970000)
    rw space 12288K,  52% used [0x38970000, 0x38fbe610, 0x38fbe800, 0x39570000)
}

